Base path: 'C:/Program Files/Unity/Hub/Editor/2019.4.8f1/Editor/Data', plugins path 'C:/Program Files/Unity/Hub/Editor/2019.4.8f1/Editor/Data/PlaybackEngines'
Cmd: initializeCompiler
Cmd: preprocess
  insize=811 outsize=209 ok=1
Cmd: preprocess
  insize=9374 outsize=776 ok=1
Cmd: preprocess
  insize=9174 outsize=785 ok=1
Cmd: preprocess
  insize=811 outsize=209 ok=1
Cmd: preprocess
  insize=811 outsize=209 ok=1
Cmd: preprocess
  insize=3757 outsize=350 ok=1
Cmd: preprocess
  insize=10303 outsize=838 ok=1
Cmd: preprocess
  insize=3938 outsize=422 ok=1
Cmd: preprocess
  insize=10492 outsize=910 ok=1
Cmd: compileSnippet
  error: 1 plat 4 at (89): 'TransformObjectToWorld': implicit truncation of vector type\nCompiling Vertex program
Platform defines: UNITY_ENABLE_REFLECTION_BUFFERS UNITY_USE_DITHER_MASK_FOR_ALPHABLENDED_SHADOWS UNITY_PBS_USE_BRDF1 UNITY_SPECCUBE_BOX_PROJECTION UNITY_SPECCUBE_BLENDING UNITY_ENABLE_DETAIL_NORMALMAP SHADER_API_DESKTOP UNITY_COLORSPACE_GAMMA UNITY_LIGHT_PROBE_PROXY_VOLUME UNITY_LIGHTMAP_FULL_HDR
  api=4 type=0 insize=3850 outsize=642 kw= pd=UNITY_ENABLE_REFLECTION_BUFFERS UNITY_USE_DITHER_MASK_FOR_ALPHABLENDED_SHADOWS UNITY_PBS_USE_BRDF1 UNITY_SPECCUBE_BOX_PROJECTION UNITY_SPECCUBE_BLENDING UNITY_ENABLE_DETAIL_NORMALMAP SHADER_API_DESKTOP UNITY_COLORSPACE_GAMMA UNITY_LIGHT_PROBE_PROXY_VOLUME UNITY_LIGHTMAP_FULL_HDR ok=1
Cmd: compileSnippet
  api=4 type=0 insize=9916 outsize=802 kw= pd=UNITY_ENABLE_REFLECTION_BUFFERS UNITY_USE_DITHER_MASK_FOR_ALPHABLENDED_SHADOWS UNITY_PBS_USE_BRDF1 UNITY_SPECCUBE_BOX_PROJECTION UNITY_SPECCUBE_BLENDING UNITY_ENABLE_DETAIL_NORMALMAP SHADER_API_DESKTOP UNITY_COLORSPACE_GAMMA UNITY_LIGHT_PROBE_PROXY_VOLUME UNITY_LIGHTMAP_FULL_HDR ok=1
Cmd: preprocess
  insize=3898 outsize=412 ok=1
Cmd: preprocess
  insize=10452 outsize=900 ok=1
Cmd: preprocess
  insize=811 outsize=209 ok=1
Cmd: preprocess
  insize=3902 outsize=413 ok=1
Cmd: preprocess
  insize=10456 outsize=901 ok=1
Cmd: preprocess
  insize=811 outsize=209 ok=1
Cmd: preprocess
  insize=3776 outsize=410 ok=1
Cmd: preprocess
  insize=9679 outsize=901 ok=1
Cmd: preprocess
  insize=811 outsize=209 ok=1
Cmd: preprocess
  insize=3776 outsize=410 ok=1
Cmd: preprocess
  insize=811 outsize=209 ok=1
Cmd: preprocess
  insize=4015 outsize=398 ok=1
Cmd: preprocess
  insize=4553 outsize=398 ok=1
Cmd: preprocess
  insize=11197 outsize=901 ok=1
Cmd: preprocess
  insize=9679 outsize=901 ok=1
Cmd: preprocess
  insize=811 outsize=209 ok=1
Cmd: preprocess
  insize=811 outsize=209 ok=1
Cmd: preprocess
  insize=3776 outsize=410 ok=1
Cmd: preprocess
  insize=811 outsize=209 ok=1
Cmd: preprocess
  insize=4015 outsize=398 ok=1
Cmd: preprocess
  insize=4549 outsize=397 ok=1
Cmd: preprocess
  insize=11193 outsize=901 ok=1
Cmd: preprocess
  insize=4553 outsize=398 ok=1
Cmd: preprocess
  insize=11197 outsize=901 ok=1
Cmd: preprocess
  insize=4549 outsize=397 ok=1
Cmd: preprocess
  insize=11193 outsize=901 ok=1
Cmd: preprocess
  insize=4553 outsize=398 ok=1
Cmd: preprocess
  insize=11197 outsize=901 ok=1
Cmd: preprocess
  insize=4553 outsize=398 ok=1
Cmd: preprocess
  insize=11197 outsize=901 ok=1
Cmd: preprocess
  insize=4553 outsize=398 ok=1
Cmd: preprocess
  insize=11197 outsize=901 ok=1
Cmd: preprocess
  insize=3998 outsize=398 ok=1
Cmd: preprocess
  insize=10608 outsize=901 ok=1
Cmd: preprocess
  insize=811 outsize=209 ok=1
Cmd: preprocess
  insize=811 outsize=209 ok=1
Cmd: preprocess
  insize=3776 outsize=410 ok=1
Cmd: preprocess
  insize=4553 outsize=398 ok=1
Cmd: preprocess
  insize=11197 outsize=900 ok=1
Cmd: preprocess
  insize=10906 outsize=910 ok=1
Cmd: compileSnippet
  api=4 type=0 insize=10329 outsize=802 kw= pd=UNITY_ENABLE_REFLECTION_BUFFERS UNITY_USE_DITHER_MASK_FOR_ALPHABLENDED_SHADOWS UNITY_PBS_USE_BRDF1 UNITY_SPECCUBE_BOX_PROJECTION UNITY_SPECCUBE_BLENDING UNITY_ENABLE_DETAIL_NORMALMAP SHADER_API_DESKTOP UNITY_COLORSPACE_GAMMA UNITY_LIGHT_PROBE_PROXY_VOLUME UNITY_LIGHTMAP_FULL_HDR ok=1
Cmd: compileSnippet
  api=4 type=1 insize=10329 outsize=462 kw= pd=UNITY_ENABLE_REFLECTION_BUFFERS UNITY_USE_DITHER_MASK_FOR_ALPHABLENDED_SHADOWS UNITY_PBS_USE_BRDF1 UNITY_SPECCUBE_BOX_PROJECTION UNITY_SPECCUBE_BLENDING UNITY_ENABLE_DETAIL_NORMALMAP SHADER_API_DESKTOP UNITY_COLORSPACE_GAMMA UNITY_LIGHT_PROBE_PROXY_VOLUME UNITY_LIGHTMAP_FULL_HDR ok=1
Cmd: preprocess
  insize=10906 outsize=910 ok=1
Cmd: preprocess
  insize=811 outsize=209 ok=1
Cmd: preprocess
  insize=811 outsize=209 ok=1
Cmd: preprocess
  insize=811 outsize=209 ok=1
Cmd: preprocess
  insize=811 outsize=209 ok=1
Cmd: preprocess
  insize=811 outsize=209 ok=1
Cmd: preprocess
  insize=811 outsize=209 ok=1
Cmd: preprocess
  insize=11197 outsize=900 ok=1
Cmd: preprocess
  insize=3776 outsize=410 ok=1
Cmd: preprocess
  insize=3776 outsize=410 ok=1
Cmd: preprocess
  insize=4553 outsize=398 ok=1
Cmd: preprocess
  insize=4530 outsize=398 ok=1
Cmd: preprocess
  insize=11188 outsize=901 ok=1
Cmd: preprocess
  insize=4530 outsize=398 ok=1
Cmd: preprocess
  insize=11188 outsize=901 ok=1
Cmd: preprocess
  insize=4530 outsize=398 ok=1
Cmd: preprocess
  insize=11188 outsize=901 ok=1
Cmd: preprocess
  insize=4530 outsize=397 ok=1
Cmd: preprocess
  insize=11188 outsize=900 ok=1
Cmd: preprocess
  insize=4553 outsize=398 ok=1
Cmd: preprocess
  insize=11197 outsize=900 ok=1
Cmd: preprocess
  insize=811 outsize=209 ok=1
Cmd: preprocess
  insize=811 outsize=209 ok=1
Cmd: preprocess
  insize=3419 outsize=458 ok=1
Cmd: preprocess
  insize=4165 outsize=458 ok=1
Cmd: preprocess
  insize=4951 outsize=453 ok=1
Cmd: preprocess
  insize=11671 outsize=956 ok=1
Cmd: preprocess
  insize=11393 outsize=979 ok=1
Cmd: compileSnippet
  api=4 type=0 insize=10748 outsize=802 kw= pd=UNITY_ENABLE_REFLECTION_BUFFERS UNITY_USE_DITHER_MASK_FOR_ALPHABLENDED_SHADOWS UNITY_PBS_USE_BRDF1 UNITY_SPECCUBE_BOX_PROJECTION UNITY_SPECCUBE_BLENDING UNITY_ENABLE_DETAIL_NORMALMAP SHADER_API_DESKTOP UNITY_COLORSPACE_GAMMA UNITY_LIGHT_PROBE_PROXY_VOLUME UNITY_LIGHTMAP_FULL_HDR ok=1
Cmd: compileSnippet
  api=4 type=1 insize=10748 outsize=490 kw= pd=UNITY_ENABLE_REFLECTION_BUFFERS UNITY_USE_DITHER_MASK_FOR_ALPHABLENDED_SHADOWS UNITY_PBS_USE_BRDF1 UNITY_SPECCUBE_BOX_PROJECTION UNITY_SPECCUBE_BLENDING UNITY_ENABLE_DETAIL_NORMALMAP SHADER_API_DESKTOP UNITY_COLORSPACE_GAMMA UNITY_LIGHT_PROBE_PROXY_VOLUME UNITY_LIGHTMAP_FULL_HDR ok=1
Cmd: compileSnippet
  api=4 type=0 insize=10748 outsize=802 kw=ETC1_EXTERNAL_ALPHA pd=UNITY_ENABLE_REFLECTION_BUFFERS UNITY_USE_DITHER_MASK_FOR_ALPHABLENDED_SHADOWS UNITY_PBS_USE_BRDF1 UNITY_SPECCUBE_BOX_PROJECTION UNITY_SPECCUBE_BLENDING UNITY_ENABLE_DETAIL_NORMALMAP SHADER_API_DESKTOP UNITY_COLORSPACE_GAMMA UNITY_LIGHT_PROBE_PROXY_VOLUME UNITY_LIGHTMAP_FULL_HDR ok=1
Cmd: compileSnippet
  api=4 type=1 insize=10748 outsize=642 kw=ETC1_EXTERNAL_ALPHA pd=UNITY_ENABLE_REFLECTION_BUFFERS UNITY_USE_DITHER_MASK_FOR_ALPHABLENDED_SHADOWS UNITY_PBS_USE_BRDF1 UNITY_SPECCUBE_BOX_PROJECTION UNITY_SPECCUBE_BLENDING UNITY_ENABLE_DETAIL_NORMALMAP SHADER_API_DESKTOP UNITY_COLORSPACE_GAMMA UNITY_LIGHT_PROBE_PROXY_VOLUME UNITY_LIGHTMAP_FULL_HDR ok=1
Cmd: preprocess
  insize=11393 outsize=979 ok=1
Cmd: preprocess
  insize=4174 outsize=470 ok=1
Cmd: preprocess
  insize=4958 outsize=465 ok=1
Cmd: preprocess
  insize=11678 outsize=968 ok=1
Cmd: preprocess
  insize=3868 outsize=477 ok=1
Cmd: preprocess
  insize=3866 outsize=477 ok=1
Cmd: preprocess
  insize=11387 outsize=978 ok=1
Cmd: compileSnippet
  api=4 type=0 insize=10743 outsize=802 kw=ETC1_EXTERNAL_ALPHA pd=UNITY_ENABLE_REFLECTION_BUFFERS UNITY_USE_DITHER_MASK_FOR_ALPHABLENDED_SHADOWS UNITY_PBS_USE_BRDF1 UNITY_SPECCUBE_BOX_PROJECTION UNITY_SPECCUBE_BLENDING UNITY_ENABLE_DETAIL_NORMALMAP SHADER_API_DESKTOP UNITY_COLORSPACE_GAMMA UNITY_LIGHT_PROBE_PROXY_VOLUME UNITY_LIGHTMAP_FULL_HDR ok=1
Cmd: compileSnippet
  api=4 type=1 insize=10743 outsize=642 kw=ETC1_EXTERNAL_ALPHA pd=UNITY_ENABLE_REFLECTION_BUFFERS UNITY_USE_DITHER_MASK_FOR_ALPHABLENDED_SHADOWS UNITY_PBS_USE_BRDF1 UNITY_SPECCUBE_BOX_PROJECTION UNITY_SPECCUBE_BLENDING UNITY_ENABLE_DETAIL_NORMALMAP SHADER_API_DESKTOP UNITY_COLORSPACE_GAMMA UNITY_LIGHT_PROBE_PROXY_VOLUME UNITY_LIGHTMAP_FULL_HDR ok=1
Cmd: compileSnippet
  api=4 type=0 insize=10743 outsize=802 kw= pd=UNITY_ENABLE_REFLECTION_BUFFERS UNITY_USE_DITHER_MASK_FOR_ALPHABLENDED_SHADOWS UNITY_PBS_USE_BRDF1 UNITY_SPECCUBE_BOX_PROJECTION UNITY_SPECCUBE_BLENDING UNITY_ENABLE_DETAIL_NORMALMAP SHADER_API_DESKTOP UNITY_COLORSPACE_GAMMA UNITY_LIGHT_PROBE_PROXY_VOLUME UNITY_LIGHTMAP_FULL_HDR ok=1
Cmd: compileSnippet
  api=4 type=1 insize=10743 outsize=490 kw= pd=UNITY_ENABLE_REFLECTION_BUFFERS UNITY_USE_DITHER_MASK_FOR_ALPHABLENDED_SHADOWS UNITY_PBS_USE_BRDF1 UNITY_SPECCUBE_BOX_PROJECTION UNITY_SPECCUBE_BLENDING UNITY_ENABLE_DETAIL_NORMALMAP SHADER_API_DESKTOP UNITY_COLORSPACE_GAMMA UNITY_LIGHT_PROBE_PROXY_VOLUME UNITY_LIGHTMAP_FULL_HDR ok=1
Cmd: preprocess
  insize=11379 outsize=970 ok=1
Cmd: preprocess
  insize=4170 outsize=463 ok=1
Cmd: preprocess
  insize=4956 outsize=458 ok=1
Cmd: preprocess
  insize=11676 outsize=961 ok=1
Cmd: preprocess
  insize=3864 outsize=470 ok=1
Cmd: preprocess
  insize=3864 outsize=470 ok=1
Cmd: preprocess
  insize=11385 outsize=971 ok=1
Cmd: preprocess
  insize=4166 outsize=462 ok=1
Cmd: preprocess
  insize=4950 outsize=457 ok=1
Cmd: preprocess
  insize=11670 outsize=960 ok=1
Cmd: preprocess
  insize=3860 outsize=469 ok=1
Cmd: preprocess
  insize=3858 outsize=469 ok=1
Cmd: preprocess
  insize=11379 outsize=970 ok=1
Cmd: preprocess
  insize=11379 outsize=970 ok=1
Cmd: preprocess
  insize=811 outsize=209 ok=1
Cmd: preprocess
  insize=811 outsize=209 ok=1
Cmd: preprocess
  insize=811 outsize=209 ok=1
Cmd: preprocess
  insize=811 outsize=209 ok=1
Cmd: preprocess
  insize=811 outsize=209 ok=1
Cmd: preprocess
  insize=811 outsize=209 ok=1
Cmd: preprocess
  insize=811 outsize=209 ok=1
Cmd: preprocess
  insize=811 outsize=209 ok=1
Cmd: preprocess
  insize=11670 outsize=960 ok=1
Cmd: preprocess
  insize=3858 outsize=469 ok=1
Cmd: preprocess
  insize=3860 outsize=469 ok=1
Cmd: preprocess
  insize=4950 outsize=457 ok=1
Cmd: preprocess
  insize=4166 outsize=462 ok=1
